commit 059859fe6661cdcb49db11872dfb884d0a337912
Author: unknown <haritha11d@gmail.com>
Date:   Sun Sep 22 22:51:08 2019 +0200

    commiting B.txt

 log.log | 10 ++++++++++
 1 file changed, 10 insertions(+)

commit e3a1af71af047f822a69859665eab3c8f08d8cf7
Author: unknown <haritha11d@gmail.com>
Date:   Sun Sep 22 22:48:17 2019 +0200

    commiting B.txt

 B.txt   | 2 +-
 log.log | 9 +++++++++
 2 files changed, 10 insertions(+), 1 deletion(-)

commit 197e7bf39f718554f0f0343fbe84f8215695b853
Author: unknown <haritha11d@gmail.com>
Date:   Sun Sep 22 22:44:59 2019 +0200

    commiting A.txt

 log.log | 18 ++++++++++++++++++
 1 file changed, 18 insertions(+)

commit d0d6ce67c041613836f3d7fbba94faaef38682c4
Author: unknown <haritha11d@gmail.com>
Date:   Sun Sep 22 22:43:12 2019 +0200

    commiting A.txt

 A.txt | 3 ++-
 1 file changed, 2 insertions(+), 1 deletion(-)

commit 8eb543ffceb60b41aee74f52d181896358701cf6
Author: unknown <haritha11d@gmail.com>
Date:   Sun Sep 22 22:38:21 2019 +0200

    commiting A.txt

 A.txt | 1 +
 B.txt | 1 +
 2 files changed, 2 insertions(+)
